XSDLibrary>>TESTNODE_Kaustubh>>default>>0>>1583216646754
2871<<Administration Result<<2020-03-03 11:54:10.412 IST<<JMBAXIGRP\kaustubhs<<deploy<<C:/Users/kaustubhs/Desktop/Gittry/iib/GeneratedBarFiles/XSDLibraryproject.generated.bar<<BAR<<default<<ExecutionGroup<<COMPLETE
PCS_ExceptionLog>>TESTNODE_Kaustubh>>default>>0>>1583216657467
2871<<Administration Result<<2020-03-03 11:54:24.861 IST<<JMBAXIGRP\kaustubhs<<deploy<<C:/Users/kaustubhs/Desktop/Gittry/iib/GeneratedBarFiles/PCS_ExceptionLogproject.generated.bar<<BAR<<default<<ExecutionGroup<<COMPLETE
REQCNW>>TESTNODE_Kaustubh>>default>>0>>1583216668232
2871<<Administration Result<<2020-03-03 11:54:29.040 IST<<JMBAXIGRP\kaustubhs<<deploy<<C:/Users/kaustubhs/Desktop/Gittry/iib/GeneratedBarFiles/REQCNWproject.generated.bar<<BAR<<default<<ExecutionGroup<<COMPLETE
REQCNW>>TESTNODE_Kaustubh>>default>>0>>1583216805346
2871<<Administration Result<<2020-03-03 11:56:47.630 IST<<JMBAXIGRP\kaustubhs<<deploy<<C:/Users/kaustubhs/Desktop/Gittry/iib/GeneratedBarFiles/REQCNWproject.generated.bar<<BAR<<default<<ExecutionGroup<<COMPLETE
REQCNW>>TESTNODE_Kaustubh>>default>>0>>1583217647154
2871<<Administration Result<<2020-03-03 12:10:51.980 IST<<JMBAXIGRP\kaustubhs<<deploy<<C:/Users/kaustubhs/Desktop/Gittry/iib/GeneratedBarFiles/REQCNWproject.generated.bar<<BAR<<default<<ExecutionGroup<<COMPLETE
REQCNP>>TESTNODE_Kaustubh>>default>>0>>1583217747709
2871<<Administration Result<<2020-03-03 12:12:28.839 IST<<JMBAXIGRP\kaustubhs<<deploy<<C:/Users/kaustubhs/Desktop/Gittry/iib/GeneratedBarFiles/REQCNPproject.generated.bar<<BAR<<default<<ExecutionGroup<<COMPLETE
REQCNP>>TESTNODE_Kaustubh>>default>>0>>1583217913517
2871<<Administration Result<<2020-03-03 12:15:14.319 IST<<JMBAXIGRP\kaustubhs<<deploy<<C:/Users/kaustubhs/Desktop/Gittry/iib/GeneratedBarFiles/REQCNPproject.generated.bar<<BAR<<default<<ExecutionGroup<<COMPLETE
xmlBeautifierLIB>>TESTNODE_Kaustubh>>default>>0>>1583217930345
2871<<Administration Result<<2020-03-03 12:15:30.909 IST<<JMBAXIGRP\kaustubhs<<deploy<<C:/Users/kaustubhs/Desktop/Gittry/iib/GeneratedBarFiles/xmlBeautifierLIBproject.generated.bar<<BAR<<default<<ExecutionGroup<<COMPLETE
GROUNDING_REQCNG>>TESTNODE_Kaustubh>>default>>0>>1583218038543
2871<<Administration Result<<2020-03-03 12:17:19.514 IST<<JMBAXIGRP\kaustubhs<<deploy<<C:/Users/kaustubhs/Desktop/Gittry/iib/GeneratedBarFiles/GROUNDING_REQCNGproject.generated.bar<<BAR<<default<<ExecutionGroup<<COMPLETE
CARTING_CARTRQ>>TESTNODE_Kaustubh>>default>>0>>1583218250621
2871<<Administration Result<<2020-03-03 12:20:51.509 IST<<JMBAXIGRP\kaustubhs<<deploy<<C:/Users/kaustubhs/Desktop/Gittry/iib/GeneratedBarFiles/CARTING_CARTRQproject.generated.bar<<BAR<<default<<ExecutionGroup<<COMPLETE
CARTING_CARTRQ>>TESTNODE_Kaustubh>>default>>0>>1583218513263
2871<<Administration Result<<2020-03-03 12:25:15.391 IST<<JMBAXIGRP\kaustubhs<<deploy<<C:/Users/kaustubhs/Desktop/Gittry/iib/GeneratedBarFiles/CARTING_CARTRQproject.generated.bar<<BAR<<default<<ExecutionGroup<<COMPLETE
CARTING_CARTRQ>>TESTNODE_Kaustubh>>default>>0>>1583218742627
2871<<Administration Result<<2020-03-03 12:29:05.304 IST<<JMBAXIGRP\kaustubhs<<deploy<<C:/Users/kaustubhs/Desktop/Gittry/iib/GeneratedBarFiles/CARTING_CARTRQproject.generated.bar<<BAR<<default<<ExecutionGroup<<COMPLETE
CARTING_CARTRQ>>TESTNODE_Kaustubh>>default>>0>>1583222146107
2871<<Administration Result<<2020-03-03 13:25:50.303 IST<<JMBAXIGRP\kaustubhs<<deploy<<C:/Users/kaustubhs/Desktop/Gittry/iib/GeneratedBarFiles/CARTING_CARTRQproject.generated.bar<<BAR<<default<<ExecutionGroup<<COMPLETE
